# JRE version: OpenJDK Runtime Environment (21.0.6) (build 21.0.6+-13391695-b895.109)
# Java VM: OpenJDK 64-Bit Server VM (21.0.6+-13391695-b895.109, mixed mode, tiered, compressed oops, compressed class ptrs, g1 gc, windows-amd64)
GC Precious Log:
 CardTable entry size: 512
 Card Set container configuration: InlinePtr #cards 5 size 8 Array Of Cards #cards 12 size 40 Howl #buckets 4 coarsen threshold 1843 Howl Bitmap #cards 512 size 80 coarsen threshold 460 Card regions per heap region 1 cards per card region 2048
 CPUs: 8 total, 8 available
 Memory: 7959M
 Large Page Support: Disabled
 NUMA Support: Disabled
 Compressed Oops: Enabled (32-bit)
 Heap Region Size: 1M
 Heap Min Capacity: 8M
 Heap Initial Capacity: 126M
 Heap Max Capacity: 2G
 Pre-touch: Disabled
 Parallel Workers: 8
 Concurrent Workers: 2
 Concurrent Refinement Workers: 8
 Periodic GC: Disabled
Heap:
 garbage-first heap   total 291840K, used 177537K [0x0000000080000000, 0x0000000100000000)
  region size 1024K, 4 young (4096K), 4 survivors (4096K)
 Metaspace       used 129108K, committed 130432K, reserved 1179648K
  class space    used 17146K, committed 17792K, reserved 1048576K
GC Heap History (20 events):
Event: 898.682 GC heap after
{Heap after GC invocations=60 (full 0):
 garbage-first heap   total 208896K, used 138872K [0x0000000080000000, 0x0000000100000000)
  region size 1024K, 3 young (3072K), 3 survivors (3072K)
 Metaspace       used 114194K, committed 116480K, reserved 1179648K
  class space    used 15386K, committed 16512K, reserved 1048576K
}
Event: 1702.045 GC heap before
{Heap before GC invocations=61 (full 0):
 garbage-first heap   total 234496K, used 191096K [0x0000000080000000, 0x0000000100000000)
  region size 1024K, 55 young (56320K), 3 survivors (3072K)
 Metaspace       used 114422K, committed 116672K, reserved 1179648K
  class space    used 15386K, committed 16512K, reserved 1048576K
}
Event: 1702.086 GC heap after
{Heap after GC invocations=62 (full 0):
 garbage-first heap   total 234496K, used 144146K [0x0000000080000000, 0x0000000100000000)
  region size 1024K, 7 young (7168K), 7 survivors (7168K)
 Metaspace       used 114422K, committed 116672K, reserved 1179648K
  class space    used 15386K, committed 16512K, reserved 1048576K
}
Event: 1703.481 GC heap before
{Heap before GC invocations=62 (full 0):
 garbage-first heap   total 234496K, used 214802K [0x0000000080000000, 0x0000000100000000)
  region size 1024K, 76 young (77824K), 7 survivors (7168K)
 Metaspace       used 114586K, committed 116864K, reserved 1179648K
  class space    used 15390K, committed 16512K, reserved 1048576K
}
Event: 1703.590 GC heap after
{Heap after GC invocations=63 (full 0):
 garbage-first heap   total 238592K, used 143511K [0x0000000080000000, 0x0000000100000000)
  region size 1024K, 10 young (10240K), 10 survivors (10240K)
 Metaspace       used 114586K, committed 116864K, reserved 1179648K
  class space    used 15390K, committed 16512K, reserved 1048576K
}
Event: 2360.059 GC heap before
{Heap before GC invocations=63 (full 0):
 garbage-first heap   total 238592K, used 197783K [0x0000000080000000, 0x0000000100000000)
  region size 1024K, 64 young (65536K), 10 survivors (10240K)
 Metaspace       used 114806K, committed 117056K, reserved 1179648K
  class space    used 15418K, committed 16576K, reserved 1048576K
}
Event: 2360.142 GC heap after
{Heap after GC invocations=64 (full 0):
 garbage-first heap   total 238592K, used 147327K [0x0000000080000000, 0x0000000100000000)
  region size 1024K, 4 young (4096K), 4 survivors (4096K)
 Metaspace       used 114806K, committed 117056K, reserved 1179648K
  class space    used 15418K, committed 16576K, reserved 1048576K
}
Event: 2363.083 GC heap before
{Heap before GC invocations=65 (full 0):
 garbage-first heap   total 263168K, used 243583K [0x0000000080000000, 0x0000000100000000)
  region size 1024K, 73 young (74752K), 4 survivors (4096K)
 Metaspace       used 116276K, committed 118080K, reserved 1179648K
  class space    used 15474K, committed 16576K, reserved 1048576K
}
Event: 2363.101 GC heap after
{Heap after GC invocations=66 (full 0):
 garbage-first heap   total 263168K, used 185020K [0x0000000080000000, 0x0000000100000000)
  region size 1024K, 10 young (10240K), 10 survivors (10240K)
 Metaspace       used 116276K, committed 118080K, reserved 1179648K
  class space    used 15474K, committed 16576K, reserved 1048576K
}
Event: 2363.217 GC heap before
{Heap before GC invocations=66 (full 0):
 garbage-first heap   total 263168K, used 238268K [0x0000000080000000, 0x0000000100000000)
  region size 1024K, 62 young (63488K), 10 survivors (10240K)
 Metaspace       used 116322K, committed 118080K, reserved 1179648K
  class space    used 15476K, committed 16576K, reserved 1048576K
}
Event: 2363.239 GC heap after
{Heap after GC invocations=67 (full 0):
 garbage-first heap   total 263168K, used 170417K [0x0000000080000000, 0x0000000100000000)
  region size 1024K, 2 young (2048K), 2 survivors (2048K)
 Metaspace       used 116322K, committed 118080K, reserved 1179648K
  class space    used 15476K, committed 16576K, reserved 1048576K
}
Event: 2364.180 GC heap before
{Heap before GC invocations=67 (full 0):
 garbage-first heap   total 263168K, used 241073K [0x0000000080000000, 0x0000000100000000)
  region size 1024K, 71 young (72704K), 2 survivors (2048K)
 Metaspace       used 119165K, committed 120512K, reserved 1179648K
  class space    used 15892K, committed 16640K, reserved 1048576K
}
Event: 2364.197 GC heap after
{Heap after GC invocations=68 (full 0):
 garbage-first heap   total 263168K, used 167776K [0x0000000080000000, 0x0000000100000000)
  region size 1024K, 5 young (5120K), 5 survivors (5120K)
 Metaspace       used 119165K, committed 120512K, reserved 1179648K
  class space    used 15892K, committed 16640K, reserved 1048576K
}
Event: 2364.436 GC heap before
{Heap before GC invocations=68 (full 0):
 garbage-first heap   total 263168K, used 176992K [0x0000000080000000, 0x0000000100000000)
  region size 1024K, 16 young (16384K), 5 survivors (5120K)
 Metaspace       used 119174K, committed 120512K, reserved 1179648K
  class space    used 15892K, committed 16640K, reserved 1048576K
}
Event: 2364.441 GC heap after
{Heap after GC invocations=69 (full 0):
 garbage-first heap   total 263168K, used 170470K [0x0000000080000000, 0x0000000100000000)
  region size 1024K, 8 young (8192K), 8 survivors (8192K)
 Metaspace       used 119174K, committed 120512K, reserved 1179648K
  class space    used 15892K, committed 16640K, reserved 1048576K
}
Event: 2364.869 GC heap before
{Heap before GC invocations=70 (full 0):
 garbage-first heap   total 291840K, used 243174K [0x0000000080000000, 0x0000000100000000)
  region size 1024K, 75 young (76800K), 8 survivors (8192K)
 Metaspace       used 119688K, committed 121024K, reserved 1179648K
  class space    used 15933K, committed 16640K, reserved 1048576K
}
Event: 2364.874 GC heap after
{Heap after GC invocations=71 (full 0):
 garbage-first heap   total 291840K, used 175372K [0x0000000080000000, 0x0000000100000000)
  region size 1024K, 4 young (4096K), 4 survivors (4096K)
 Metaspace       used 119688K, committed 121024K, reserved 1179648K
  class space    used 15933K, committed 16640K, reserved 1048576K
}
Event: 2366.754 GC heap before
{Heap before GC invocations=71 (full 0):
 garbage-first heap   total 291840K, used 272652K [0x0000000080000000, 0x0000000100000000)
  region size 1024K, 93 young (95232K), 4 survivors (4096K)
 Metaspace       used 129098K, committed 130432K, reserved 1179648K
  class space    used 17145K, committed 17792K, reserved 1048576K
}
Event: 2366.766 GC heap after
{Heap after GC invocations=72 (full 0):
 garbage-first heap   total 291840K, used 174824K [0x0000000080000000, 0x0000000100000000)
  region size 1024K, 11 young (11264K), 11 survivors (11264K)
 Metaspace       used 129098K, committed 130432K, reserved 1179648K
  class space    used 17145K, committed 17792K, reserved 1048576K
}
Event: 2367.080 GC heap before
{Heap before GC invocations=72 (full 0):
 garbage-first heap   total 291840K, used 196328K [0x0000000080000000, 0x0000000100000000)
  region size 1024K, 33 young (33792K), 11 survivors (11264K)
 Metaspace       used 129108K, committed 130432K, reserved 1179648K
  class space    used 17146K, committed 17792K, reserved 1048576K
}

