# JRE version: OpenJDK Runtime Environment (21.0.6) (build 21.0.6+-13391695-b895.109)
# Java VM: OpenJDK 64-Bit Server VM (21.0.6+-13391695-b895.109, mixed mode, tiered, compressed oops, compressed class ptrs, g1 gc, windows-amd64)
GC Precious Log:
 CardTable entry size: 512
 Card Set container configuration: InlinePtr #cards 5 size 8 Array Of Cards #cards 12 size 40 Howl #buckets 4 coarsen threshold 1843 Howl Bitmap #cards 512 size 80 coarsen threshold 460 Card regions per heap region 1 cards per card region 2048
 CPUs: 8 total, 8 available
 Memory: 7959M
 Large Page Support: Disabled
 NUMA Support: Disabled
 Compressed Oops: Enabled (32-bit)
 Heap Region Size: 1M
 Heap Min Capacity: 8M
 Heap Initial Capacity: 126M
 Heap Max Capacity: 2G
 Pre-touch: Disabled
 Parallel Workers: 8
 Concurrent Workers: 2
 Concurrent Refinement Workers: 8
 Periodic GC: Disabled
Heap:
 garbage-first heap   total 434176K, used 224234K [0x0000000080000000, 0x0000000100000000)
  region size 1024K, 11 young (11264K), 11 survivors (11264K)
 Metaspace       used 131720K, committed 134016K, reserved 1179648K
  class space    used 18121K, committed 19264K, reserved 1048576K
GC Heap History (20 events):
Event: 29.781 GC heap after
{Heap after GC invocations=62 (full 0):
 garbage-first heap   total 261120K, used 175104K [0x0000000080000000, 0x0000000100000000)
  region size 1024K, 10 young (10240K), 10 survivors (10240K)
 Metaspace       used 119057K, committed 121344K, reserved 1179648K
  class space    used 16230K, committed 17344K, reserved 1048576K
}
Event: 30.007 GC heap before
{Heap before GC invocations=62 (full 0):
 garbage-first heap   total 261120K, used 234496K [0x0000000080000000, 0x0000000100000000)
  region size 1024K, 69 young (70656K), 10 survivors (10240K)
 Metaspace       used 121299K, committed 123648K, reserved 1179648K
  class space    used 16633K, committed 17792K, reserved 1048576K
}
Event: 30.027 GC heap after
{Heap after GC invocations=63 (full 0):
 garbage-first heap   total 434176K, used 184320K [0x0000000080000000, 0x0000000100000000)
  region size 1024K, 9 young (9216K), 9 survivors (9216K)
 Metaspace       used 121299K, committed 123648K, reserved 1179648K
  class space    used 16633K, committed 17792K, reserved 1048576K
}
Event: 30.647 GC heap before
{Heap before GC invocations=63 (full 0):
 garbage-first heap   total 434176K, used 365568K [0x0000000080000000, 0x0000000100000000)
  region size 1024K, 187 young (191488K), 9 survivors (9216K)
 Metaspace       used 123458K, committed 125760K, reserved 1179648K
  class space    used 17018K, committed 18176K, reserved 1048576K
}
Event: 30.702 GC heap after
{Heap after GC invocations=64 (full 0):
 garbage-first heap   total 434176K, used 217600K [0x0000000080000000, 0x0000000100000000)
  region size 1024K, 24 young (24576K), 24 survivors (24576K)
 Metaspace       used 123458K, committed 125760K, reserved 1179648K
  class space    used 17018K, committed 18176K, reserved 1048576K
}
Event: 31.895 GC heap before
{Heap before GC invocations=64 (full 0):
 garbage-first heap   total 434176K, used 354816K [0x0000000080000000, 0x0000000100000000)
  region size 1024K, 159 young (162816K), 24 survivors (24576K)
 Metaspace       used 127904K, committed 130240K, reserved 1179648K
  class space    used 17653K, committed 18816K, reserved 1048576K
}
Event: 31.926 GC heap after
{Heap after GC invocations=65 (full 0):
 garbage-first heap   total 434176K, used 225141K [0x0000000080000000, 0x0000000100000000)
  region size 1024K, 6 young (6144K), 6 survivors (6144K)
 Metaspace       used 127904K, committed 130240K, reserved 1179648K
  class space    used 17653K, committed 18816K, reserved 1048576K
}
Event: 32.828 GC heap before
{Heap before GC invocations=65 (full 0):
 garbage-first heap   total 434176K, used 369525K [0x0000000080000000, 0x0000000100000000)
  region size 1024K, 148 young (151552K), 6 survivors (6144K)
 Metaspace       used 128754K, committed 131136K, reserved 1179648K
  class space    used 17714K, committed 18880K, reserved 1048576K
}
Event: 32.838 GC heap after
{Heap after GC invocations=66 (full 0):
 garbage-first heap   total 434176K, used 224964K [0x0000000080000000, 0x0000000100000000)
  region size 1024K, 6 young (6144K), 6 survivors (6144K)
 Metaspace       used 128754K, committed 131136K, reserved 1179648K
  class space    used 17714K, committed 18880K, reserved 1048576K
}
Event: 33.517 GC heap before
{Heap before GC invocations=67 (full 0):
 garbage-first heap   total 434176K, used 383684K [0x0000000080000000, 0x0000000100000000)
  region size 1024K, 161 young (164864K), 6 survivors (6144K)
 Metaspace       used 128929K, committed 131264K, reserved 1179648K
  class space    used 17717K, committed 18880K, reserved 1048576K
}
Event: 33.527 GC heap after
{Heap after GC invocations=68 (full 0):
 garbage-first heap   total 434176K, used 226317K [0x0000000080000000, 0x0000000100000000)
  region size 1024K, 8 young (8192K), 8 survivors (8192K)
 Metaspace       used 128929K, committed 131264K, reserved 1179648K
  class space    used 17717K, committed 18880K, reserved 1048576K
}
Event: 33.848 GC heap before
{Heap before GC invocations=68 (full 0):
 garbage-first heap   total 434176K, used 392205K [0x0000000080000000, 0x0000000100000000)
  region size 1024K, 171 young (175104K), 8 survivors (8192K)
 Metaspace       used 129586K, committed 131904K, reserved 1179648K
  class space    used 17835K, committed 18944K, reserved 1048576K
}
Event: 33.858 GC heap after
{Heap after GC invocations=69 (full 0):
 garbage-first heap   total 434176K, used 223787K [0x0000000080000000, 0x0000000100000000)
  region size 1024K, 8 young (8192K), 8 survivors (8192K)
 Metaspace       used 129586K, committed 131904K, reserved 1179648K
  class space    used 17835K, committed 18944K, reserved 1048576K
}
Event: 34.194 GC heap before
{Heap before GC invocations=69 (full 0):
 garbage-first heap   total 434176K, used 397867K [0x0000000080000000, 0x0000000100000000)
  region size 1024K, 179 young (183296K), 8 survivors (8192K)
 Metaspace       used 130318K, committed 132608K, reserved 1179648K
  class space    used 17949K, committed 19072K, reserved 1048576K
}
Event: 34.205 GC heap after
{Heap after GC invocations=70 (full 0):
 garbage-first heap   total 434176K, used 224490K [0x0000000080000000, 0x0000000100000000)
  region size 1024K, 9 young (9216K), 9 survivors (9216K)
 Metaspace       used 130318K, committed 132608K, reserved 1179648K
  class space    used 17949K, committed 19072K, reserved 1048576K
}
Event: 34.722 GC heap before
{Heap before GC invocations=70 (full 0):
 garbage-first heap   total 434176K, used 400618K [0x0000000080000000, 0x0000000100000000)
  region size 1024K, 182 young (186368K), 9 survivors (9216K)
 Metaspace       used 131034K, committed 133312K, reserved 1179648K
  class space    used 18032K, committed 19136K, reserved 1048576K
}
Event: 34.734 GC heap after
{Heap after GC invocations=71 (full 0):
 garbage-first heap   total 434176K, used 225182K [0x0000000080000000, 0x0000000100000000)
  region size 1024K, 9 young (9216K), 9 survivors (9216K)
 Metaspace       used 131034K, committed 133312K, reserved 1179648K
  class space    used 18032K, committed 19136K, reserved 1048576K
}
Event: 35.099 GC heap before
{Heap before GC invocations=72 (full 0):
 garbage-first heap   total 434176K, used 401310K [0x0000000080000000, 0x0000000100000000)
  region size 1024K, 182 young (186368K), 9 survivors (9216K)
 Metaspace       used 131637K, committed 133888K, reserved 1179648K
  class space    used 18110K, committed 19200K, reserved 1048576K
}
Event: 35.113 GC heap after
{Heap after GC invocations=73 (full 0):
 garbage-first heap   total 434176K, used 226412K [0x0000000080000000, 0x0000000100000000)
  region size 1024K, 11 young (11264K), 11 survivors (11264K)
 Metaspace       used 131637K, committed 133888K, reserved 1179648K
  class space    used 18110K, committed 19200K, reserved 1048576K
}
Event: 35.417 GC heap before
{Heap before GC invocations=73 (full 0):
 garbage-first heap   total 434176K, used 399468K [0x0000000080000000, 0x0000000100000000)
  region size 1024K, 180 young (184320K), 11 survivors (11264K)
 Metaspace       used 131720K, committed 134016K, reserved 1179648K
  class space    used 18121K, committed 19264K, reserved 1048576K
}

